<?xml version="1.0" encoding="UTF-8"?>
<testsuite name="JUnit Jupiter" tests="50" skipped="0" failures="0" errors="0" time="0.268" hostname="Rahul-4.local" timestamp="2024-11-15T15:27:12">
<properties>
[...]
</properties>
<testcase name="testGameInitialization()" classname="BattleshipTest" time="0.001">
<system-out><![CDATA[
unique-id: [engine:junit-jupiter]/[class:BattleshipTest]/[method:testGameInitialization()]
display-name: testGameInitialization()
]]></system-out>
</testcase>
<testcase name="testComputerGuessPhase()" classname="BattleshipTest" time="0.003">
<system-out><![CDATA[
unique-id: [engine:junit-jupiter]/[class:BattleshipTest]/[method:testComputerGuessPhase()]
display-name: testComputerGuessPhase()
]]></system-out>
</testcase>
<testcase name="testVerticalShipOutOfBounds()" classname="BattleshipTest" time="0">
<system-out><![CDATA[
unique-id: [engine:junit-jupiter]/[class:BattleshipTest]/[method:testVerticalShipOutOfBounds()]
display-name: testVerticalShipOutOfBounds()
]]></system-out>
</testcase>
<testcase name="testIsUnguessed()" classname="LocationTest" time="0">
<system-out><![CDATA[
unique-id: [engine:junit-jupiter]/[class:LocationTest]/[method:testIsUnguessed()]
display-name: testIsUnguessed()
]]></system-out>
</testcase>
<testcase name="testGetCol()" classname="ShipTest" time="0">
<system-out><![CDATA[
unique-id: [engine:junit-jupiter]/[class:ShipTest]/[method:testGetCol()]
display-name: testGetCol()
]]></system-out>
</testcase>
<testcase name="testLocationConstructor()" classname="LocationTest" time="0">
<system-out><![CDATA[
unique-id: [engine:junit-jupiter]/[class:LocationTest]/[method:testLocationConstructor()]
display-name: testLocationConstructor()
]]></system-out>
</testcase>
<testcase name="testShipPlacementPhase()" classname="BattleshipTest" time="0.001">
<system-out><![CDATA[
unique-id: [engine:junit-jupiter]/[class:BattleshipTest]/[method:testShipPlacementPhase()]
display-name: testShipPlacementPhase()
]]></system-out>
</testcase>
<testcase name="testCheckMiss()" classname="LocationTest" time="0">
<system-out><![CDATA[
unique-id: [engine:junit-jupiter]/[class:LocationTest]/[method:testCheckMiss()]
display-name: testCheckMiss()
]]></system-out>
</testcase>
<testcase name="testGameEndConditions()" classname="BattleshipTest" time="0">
<system-out><![CDATA[
unique-id: [engine:junit-jupiter]/[class:BattleshipTest]/[method:testGameEndConditions()]
display-name: testGameEndConditions()
]]></system-out>
</testcase>
<testcase name="testOverlapHorizontal()" classname="BattleshipTest" time="0">
<system-out><![CDATA[
unique-id: [engine:junit-jupiter]/[class:BattleshipTest]/[method:testOverlapHorizontal()]
display-name: testOverlapHorizontal()
]]></system-out>
</testcase>
<testcase name="testGetDirection()" classname="ShipTest" time="0">
<system-out><![CDATA[
unique-id: [engine:junit-jupiter]/[class:ShipTest]/[method:testGetDirection()]
display-name: testGetDirection()
]]></system-out>
</testcase>
<testcase name="testShipGridIntegrity()" classname="BattleshipTest" time="0.004">
<system-out><![CDATA[
unique-id: [engine:junit-jupiter]/[class:BattleshipTest]/[method:testShipGridIntegrity()]
display-name: testShipGridIntegrity()
]]></system-out>
</testcase>
<testcase name="testPlayerShipsCorrectlyPlaced()" classname="BattleshipTest" time="0.001">
<system-out><![CDATA[
unique-id: [engine:junit-jupiter]/[class:BattleshipTest]/[method:testPlayerShipsCorrectlyPlaced()]
display-name: testPlayerShipsCorrectlyPlaced()
]]></system-out>
</testcase>
<testcase name="testAskForGuess_Miss()" classname="BattleshipTest" time="0">
<system-out><![CDATA[
unique-id: [engine:junit-jupiter]/[class:BattleshipTest]/[method:testAskForGuess_Miss()]
display-name: testAskForGuess_Miss()
]]></system-out>
</testcase>
<testcase name="testNoShipsSet()" classname="PlayerTest" time="0">
<system-out><![CDATA[
unique-id: [engine:junit-jupiter]/[class:PlayerTest]/[method:testNoShipsSet()]
display-name: testNoShipsSet()
]]></system-out>
</testcase>
<testcase name="testConvertCompColToRegular()" classname="BattleshipTest" time="0">
<system-out><![CDATA[
unique-id: [engine:junit-jupiter]/[class:BattleshipTest]/[method:testConvertCompColToRegular()]
display-name: testConvertCompColToRegular()
]]></system-out>
</testcase>
<testcase name="testUserGuessPhase()" classname="BattleshipTest" time="0">
<system-out><![CDATA[
unique-id: [engine:junit-jupiter]/[class:BattleshipTest]/[method:testUserGuessPhase()]
display-name: testUserGuessPhase()
]]></system-out>
</testcase>
<testcase name="testGetAndSetLengthOfShip()" classname="LocationTest" time="0">
<system-out><![CDATA[
unique-id: [engine:junit-jupiter]/[class:LocationTest]/[method:testGetAndSetLengthOfShip()]
display-name: testGetAndSetLengthOfShip()
]]></system-out>
</testcase>
<testcase name="testAddShips()" classname="PlayerTest" time="0">
<system-out><![CDATA[
unique-id: [engine:junit-jupiter]/[class:PlayerTest]/[method:testAddShips()]
display-name: testAddShips()
]]></system-out>
</testcase>
<testcase name="testNumOfShipsLeft_SomeShipsSet()" classname="PlayerTest" time="0.004">
<system-out><![CDATA[
unique-id: [engine:junit-jupiter]/[class:PlayerTest]/[method:testNumOfShipsLeft_SomeShipsSet()]
display-name: testNumOfShipsLeft_SomeShipsSet()
]]></system-out>
</testcase>
<testcase name="testSetHasShip()" classname="LocationTest" time="0">
<system-out><![CDATA[
unique-id: [engine:junit-jupiter]/[class:LocationTest]/[method:testSetHasShip()]
display-name: testSetHasShip()
]]></system-out>
</testcase>
<testcase name="testShip()" classname="ShipTest" time="0">
<system-out><![CDATA[
unique-id: [engine:junit-jupiter]/[class:ShipTest]/[method:testShip()]
display-name: testShip()
]]></system-out>
</testcase>
<testcase name="testMarkHit()" classname="LocationTest" time="0">
<system-out><![CDATA[
unique-id: [engine:junit-jupiter]/[class:LocationTest]/[method:testMarkHit()]
display-name: testMarkHit()
]]></system-out>
</testcase>
<testcase name="testGetLength()" classname="ShipTest" time="0">
<system-out><![CDATA[
unique-id: [engine:junit-jupiter]/[class:ShipTest]/[method:testGetLength()]
display-name: testGetLength()
]]></system-out>
</testcase>
<testcase name="testVerticalOverlap()" classname="BattleshipTest" time="0">
<system-out><![CDATA[
unique-id: [engine:junit-jupiter]/[class:BattleshipTest]/[method:testVerticalOverlap()]
display-name: testVerticalOverlap()
]]></system-out>
</testcase>
<testcase name="testNumOfShipsLeft_ThrowsErrorInSetup()" classname="PlayerTest" time="0.002">
<system-out><![CDATA[
unique-id: [engine:junit-jupiter]/[class:PlayerTest]/[method:testNumOfShipsLeft_ThrowsErrorInSetup()]
display-name: testNumOfShipsLeft_ThrowsErrorInSetup()
]]></system-out>
</testcase>
<testcase name="testIsLocationSet()" classname="ShipTest" time="0">
<system-out><![CDATA[
unique-id: [engine:junit-jupiter]/[class:ShipTest]/[method:testIsLocationSet()]
display-name: testIsLocationSet()
]]></system-out>
</testcase>
<testcase name="testOverlapHorizontalComp()" classname="BattleshipTest" time="0">
<system-out><![CDATA[
unique-id: [engine:junit-jupiter]/[class:BattleshipTest]/[method:testOverlapHorizontalComp()]
display-name: testOverlapHorizontalComp()
]]></system-out>
</testcase>
<testcase name="testNoOverlappingShips()" classname="BattleshipTest" time="0">
<system-out><![CDATA[
unique-id: [engine:junit-jupiter]/[class:BattleshipTest]/[method:testNoOverlappingShips()]
display-name: testNoOverlappingShips()
]]></system-out>
</testcase>
<testcase name="testCompleteGameFlow()" classname="BattleshipTest" time="0.001">
<system-out><![CDATA[
unique-id: [engine:junit-jupiter]/[class:BattleshipTest]/[method:testCompleteGameFlow()]
display-name: testCompleteGameFlow()
]]></system-out>
</testcase>
<testcase name="testSetupComputerAllShipsPlaced()" classname="BattleshipTest" time="0">
<system-out><![CDATA[
unique-id: [engine:junit-jupiter]/[class:BattleshipTest]/[method:testSetupComputerAllShipsPlaced()]
display-name: testSetupComputerAllShipsPlaced()
]]></system-out>
</testcase>
<testcase name="testOverlapVertical()" classname="BattleshipTest" time="0">
<system-out><![CDATA[
unique-id: [engine:junit-jupiter]/[class:BattleshipTest]/[method:testOverlapVertical()]
display-name: testOverlapVertical()
]]></system-out>
</testcase>
<testcase name="testToString()" classname="ShipTest" time="0.004">
<system-out><![CDATA[
unique-id: [engine:junit-jupiter]/[class:ShipTest]/[method:testToString()]
display-name: testToString()
]]></system-out>
</testcase>
<testcase name="testConvertLetterToInt()" classname="BattleshipTest" time="0">
<system-out><![CDATA[
unique-id: [engine:junit-jupiter]/[class:BattleshipTest]/[method:testConvertLetterToInt()]
display-name: testConvertLetterToInt()
]]></system-out>
</testcase>
<testcase name="testHasErrorsVertical()" classname="BattleshipTest" time="0">
<system-out><![CDATA[
unique-id: [engine:junit-jupiter]/[class:BattleshipTest]/[method:testHasErrorsVertical()]
display-name: testHasErrorsVertical()
]]></system-out>
</testcase>
<testcase name="testCheckHit()" classname="LocationTest" time="0.01">
<system-out><![CDATA[
unique-id: [engine:junit-jupiter]/[class:LocationTest]/[method:testCheckHit()]
display-name: testCheckHit()
]]></system-out>
</testcase>
<testcase name="testSetStatus()" classname="LocationTest" time="0">
<system-out><![CDATA[
unique-id: [engine:junit-jupiter]/[class:LocationTest]/[method:testSetStatus()]
display-name: testSetStatus()
]]></system-out>
</testcase>
<testcase name="testIsDirectionSet()" classname="ShipTest" time="0">
<system-out><![CDATA[
unique-id: [engine:junit-jupiter]/[class:ShipTest]/[method:testIsDirectionSet()]
display-name: testIsDirectionSet()
]]></system-out>
</testcase>
<testcase name="testHasErrorsComp()" classname="BattleshipTest" time="0">
<system-out><![CDATA[
unique-id: [engine:junit-jupiter]/[class:BattleshipTest]/[method:testHasErrorsComp()]
display-name: testHasErrorsComp()
]]></system-out>
</testcase>
<testcase name="testNumOfShipsLeft_AllShipsSet()" classname="PlayerTest" time="0.001">
<system-out><![CDATA[
unique-id: [engine:junit-jupiter]/[class:PlayerTest]/[method:testNumOfShipsLeft_AllShipsSet()]
display-name: testNumOfShipsLeft_AllShipsSet()
]]></system-out>
</testcase>
<testcase name="testMarkMiss()" classname="LocationTest" time="0">
<system-out><![CDATA[
unique-id: [engine:junit-jupiter]/[class:LocationTest]/[method:testMarkMiss()]
display-name: testMarkMiss()
]]></system-out>
</testcase>
<testcase name="testShipsWithinBounds()" classname="BattleshipTest" time="0.005">
<system-out><![CDATA[
unique-id: [engine:junit-jupiter]/[class:BattleshipTest]/[method:testShipsWithinBounds()]
display-name: testShipsWithinBounds()
]]></system-out>
</testcase>
<testcase name="testAskForGuess_Hit()" classname="BattleshipTest" time="0">
<system-out><![CDATA[
unique-id: [engine:junit-jupiter]/[class:BattleshipTest]/[method:testAskForGuess_Hit()]
display-name: testAskForGuess_Hit()
]]></system-out>
</testcase>
<testcase name="testSetLocation()" classname="ShipTest" time="0">
<system-out><![CDATA[
unique-id: [engine:junit-jupiter]/[class:ShipTest]/[method:testSetLocation()]
display-name: testSetLocation()
]]></system-out>
</testcase>
<testcase name="testHasErrorsHorizontal()" classname="BattleshipTest" time="0">
<system-out><![CDATA[
unique-id: [engine:junit-jupiter]/[class:BattleshipTest]/[method:testHasErrorsHorizontal()]
display-name: testHasErrorsHorizontal()
]]></system-out>
</testcase>
<testcase name="testInvalidInputHandling()" classname="BattleshipTest" time="0.001">
<system-out><![CDATA[
unique-id: [engine:junit-jupiter]/[class:BattleshipTest]/[method:testInvalidInputHandling()]
display-name: testInvalidInputHandling()
]]></system-out>
</testcase>
<testcase name="testConvertUserColToProCol()" classname="BattleshipTest" time="0">
<system-out><![CDATA[
unique-id: [engine:junit-jupiter]/[class:BattleshipTest]/[method:testConvertUserColToProCol()]
display-name: testConvertUserColToProCol()
]]></system-out>
</testcase>
<testcase name="testGetRow()" classname="ShipTest" time="0">
<system-out><![CDATA[
unique-id: [engine:junit-jupiter]/[class:ShipTest]/[method:testGetRow()]
display-name: testGetRow()
]]></system-out>
</testcase>
<testcase name="testConvertIntToLetter()" classname="BattleshipTest" time="0">
<system-out><![CDATA[
unique-id: [engine:junit-jupiter]/[class:BattleshipTest]/[method:testConvertIntToLetter()]
display-name: testConvertIntToLetter()
]]></system-out>
</testcase>
<testcase name="testSetDirection()" classname="ShipTest" time="0">
<system-out><![CDATA[
unique-id: [engine:junit-jupiter]/[class:ShipTest]/[method:testSetDirection()]
display-name: testSetDirection()
]]></system-out>
</testcase>
<system-out><![CDATA[
unique-id: [engine:junit-jupiter]
display-name: JUnit Jupiter
]]></system-out>
</testsuite>
