<?xml version="1.0" encoding="UTF-8"?>
<testsuite name="JUnit Vintage" tests="14" skipped="0" failures="0" errors="0" time="0.008" hostname="Rahul-4.local" timestamp="2024-11-15T15:27:12">
<properties>
[...]
</properties>
<testcase name="testGet" classname="GridTest" time="0">
<system-out><![CDATA[
unique-id: [engine:junit-vintage]/[runner:GridTest]/[test:testGet(GridTest)]
display-name: testGet
]]></system-out>
</testcase>
<testcase name="testNumRows" classname="GridTest" time="0">
<system-out><![CDATA[
unique-id: [engine:junit-vintage]/[runner:GridTest]/[test:testNumRows(GridTest)]
display-name: testNumRows
]]></system-out>
</testcase>
<testcase name="testMarkHit" classname="GridTest" time="0">
<system-out><![CDATA[
unique-id: [engine:junit-vintage]/[runner:GridTest]/[test:testMarkHit(GridTest)]
display-name: testMarkHit
]]></system-out>
</testcase>
<testcase name="testHasLost" classname="GridTest" time="0">
<system-out><![CDATA[
unique-id: [engine:junit-vintage]/[runner:GridTest]/[test:testHasLost(GridTest)]
display-name: testHasLost
]]></system-out>
</testcase>
<testcase name="testHasShip" classname="GridTest" time="0">
<system-out><![CDATA[
unique-id: [engine:junit-vintage]/[runner:GridTest]/[test:testHasShip(GridTest)]
display-name: testHasShip
]]></system-out>
</testcase>
<testcase name="testGetStatus" classname="GridTest" time="0">
<system-out><![CDATA[
unique-id: [engine:junit-vintage]/[runner:GridTest]/[test:testGetStatus(GridTest)]
display-name: testGetStatus
]]></system-out>
</testcase>
<testcase name="testSetStatus" classname="GridTest" time="0">
<system-out><![CDATA[
unique-id: [engine:junit-vintage]/[runner:GridTest]/[test:testSetStatus(GridTest)]
display-name: testSetStatus
]]></system-out>
</testcase>
<testcase name="testMarkMiss" classname="GridTest" time="0">
<system-out><![CDATA[
unique-id: [engine:junit-vintage]/[runner:GridTest]/[test:testMarkMiss(GridTest)]
display-name: testMarkMiss
]]></system-out>
</testcase>
<testcase name="testGrid" classname="GridTest" time="0">
<system-out><![CDATA[
unique-id: [engine:junit-vintage]/[runner:GridTest]/[test:testGrid(GridTest)]
display-name: testGrid
]]></system-out>
</testcase>
<testcase name="testAddShip" classname="GridTest" time="0">
<system-out><![CDATA[
unique-id: [engine:junit-vintage]/[runner:GridTest]/[test:testAddShip(GridTest)]
display-name: testAddShip
]]></system-out>
</testcase>
<testcase name="testSetShip" classname="GridTest" time="0">
<system-out><![CDATA[
unique-id: [engine:junit-vintage]/[runner:GridTest]/[test:testSetShip(GridTest)]
display-name: testSetShip
]]></system-out>
</testcase>
<testcase name="testSwitchCounterToIntegerForArray" classname="GridTest" time="0">
<system-out><![CDATA[
unique-id: [engine:junit-vintage]/[runner:GridTest]/[test:testSwitchCounterToIntegerForArray(GridTest)]
display-name: testSwitchCounterToIntegerForArray
]]></system-out>
</testcase>
<testcase name="testAlreadyGuessed" classname="GridTest" time="0">
<system-out><![CDATA[
unique-id: [engine:junit-vintage]/[runner:GridTest]/[test:testAlreadyGuessed(GridTest)]
display-name: testAlreadyGuessed
]]></system-out>
</testcase>
<testcase name="testNumCols" classname="GridTest" time="0">
<system-out><![CDATA[
unique-id: [engine:junit-vintage]/[runner:GridTest]/[test:testNumCols(GridTest)]
display-name: testNumCols
]]></system-out>
</testcase>
<system-out><![CDATA[
unique-id: [engine:junit-vintage]
display-name: JUnit Vintage
]]></system-out>
</testsuite>
